0 info it worked if it ends with ok
1 verbose cli [ '/usr/local/bin/node', '/usr/local/bin/npm', 'run', 'test' ]
2 info using npm@3.10.7
3 info using node@v4.5.0
4 verbose run-script [ 'pretest', 'test', 'posttest' ]
5 info lifecycle webpack-babel-react@1.0.0~pretest: webpack-babel-react@1.0.0
6 silly lifecycle webpack-babel-react@1.0.0~pretest: no script for pretest, continuing
7 info lifecycle webpack-babel-react@1.0.0~test: webpack-babel-react@1.0.0
8 verbose lifecycle webpack-babel-react@1.0.0~test: unsafe-perm in lifecycle true
9 verbose lifecycle webpack-babel-react@1.0.0~test: PATH: /usr/local/lib/node_modules/npm/bin/node-gyp-bin:/Users/beisen/Documents/project/github/webpack-babel-react/node_modules/.bin:/Users/beisen/bin:/usr/local/bin:/usr/local/bin:/usr/bin:/bin:/usr/sbin:/sbin
10 verbose lifecycle webpack-babel-react@1.0.0~test: CWD: /Users/beisen/Documents/project/github/webpack-babel-react
11 silly lifecycle webpack-babel-react@1.0.0~test: Args: [ '-c', 'karma test' ]
12 info lifecycle webpack-babel-react@1.0.0~test: Failed to exec test script
13 verbose stack Error: webpack-babel-react@1.0.0 test: `karma test`
13 verbose stack spawn ENOENT
13 verbose stack     at ChildProcess.<anonymous> (/usr/local/lib/node_modules/npm/lib/utils/spawn.js:33:16)
13 verbose stack     at emitTwo (events.js:87:13)
13 verbose stack     at ChildProcess.emit (events.js:172:7)
13 verbose stack     at maybeClose (internal/child_process.js:829:16)
13 verbose stack     at Process.ChildProcess._handle.onexit (internal/child_process.js:211:5)
14 verbose pkgid webpack-babel-react@1.0.0
15 verbose cwd /Users/beisen/Documents/project/github/webpack-babel-react
16 error Darwin 16.0.0
17 error argv "/usr/local/bin/node" "/usr/local/bin/npm" "run" "test"
18 error node v4.5.0
19 error npm  v3.10.7
20 error file sh
21 error code ELIFECYCLE
22 error errno ENOENT
23 error syscall spawn
24 error webpack-babel-react@1.0.0 test: `karma test`
24 error spawn ENOENT
25 error Failed at the webpack-babel-react@1.0.0 test script 'karma test'.
25 error Make sure you have the latest version of node.js and npm installed.
25 error If you do, this is most likely a problem with the webpack-babel-react package,
25 error not with npm itself.
25 error Tell the author that this fails on your system:
25 error     karma test
25 error You can get information on how to open an issue for this project with:
25 error     npm bugs webpack-babel-react
25 error Or if that isn't available, you can get their info via:
25 error     npm owner ls webpack-babel-react
25 error There is likely additional logging output above.
26 verbose exit [ 1, true ]
